<?xml version="1.0" encoding="utf-8"?><testsuites><testsuite name="pytest" errors="1" failures="0" skipped="0" tests="1" time="176.289" timestamp="2023-05-30T21:31:42.915269" hostname="ON34C03261455"><testcase classname="" name="Tests.test_suit" time="0.000"><error message="collection failure">Tests\test_suit.py:2: in &lt;module&gt;
    from Training_program_steps import *
Tests\Training_program_steps.py:4101: in &lt;module&gt;
    uploadfiles()
Tests\Training_program_steps.py:187: in uploadfiles
    uploadbutton1.send_keys(file_path)
C:\Users\DzhohaAl\AppData\Local\Programs\Python\Python311\Lib\site-packages\selenium\webdriver\remote\webelement.py:231: in send_keys
    self._execute(
C:\Users\DzhohaAl\AppData\Local\Programs\Python\Python311\Lib\site-packages\selenium\webdriver\remote\webelement.py:403: in _execute
    return self._parent.execute(command, params)
C:\Users\DzhohaAl\AppData\Local\Programs\Python\Python311\Lib\site-packages\selenium\webdriver\remote\webdriver.py:440: in execute
    self.error_handler.check_response(response)
C:\Users\DzhohaAl\AppData\Local\Programs\Python\Python311\Lib\site-packages\selenium\webdriver\remote\errorhandler.py:245: in check_response
    raise exception_class(message, screen, stacktrace)
E   selenium.common.exceptions.InvalidArgumentException: Message: invalid argument: File not found : DevOps.jpg
E     (Session info: chrome=111.0.5563.65)
E   Stacktrace:
E   Backtrace:
E   	(No symbol) [0x00BCDCE3]
E   	(No symbol) [0x00B639D1]
E   	(No symbol) [0x00A74DA8]
E   	(No symbol) [0x00A9B05F]
E   	(No symbol) [0x00ABAECC]
E   	(No symbol) [0x00A98726]
E   	(No symbol) [0x00ABB224]
E   	(No symbol) [0x00ACD57C]
E   	(No symbol) [0x00ABACC6]
E   	(No symbol) [0x00A96F68]
E   	(No symbol) [0x00A980CD]
E   	GetHandleVerifier [0x00E43832+2506274]
E   	GetHandleVerifier [0x00E79794+2727300]
E   	GetHandleVerifier [0x00E7E36C+2746716]
E   	GetHandleVerifier [0x00C76690+617600]
E   	(No symbol) [0x00B6C712]
E   	(No symbol) [0x00B71FF8]
E   	(No symbol) [0x00B720DB]
E   	(No symbol) [0x00B7C63B]
E   	BaseThreadInitThunk [0x760C00C9+25]
E   	RtlGetAppContainerNamedObjectPath [0x77287B4E+286]
E   	RtlGetAppContainerNamedObjectPath [0x77287B1E+238]</error></testcase></testsuite></testsuites>